#
# A fatal error has been detected by the Java Runtime Environment:
#
#  EXCEPTION_ACCESS_VIOLATION (0xc0000005) at pc=0x6bd521f4, pid=3480, tid=0x00002cfc
#
# JRE version: Java(TM) SE Runtime Environment (8.0_121-b13) (build 1.8.0_121-b13)
# Java VM: Java HotSpot(TM) Client VM (25.121-b13 mixed mode windows-x86 )
# Problematic frame:
# C  [msvcr100.dll+0x121f4]
#
# Failed to write core dump. Minidumps are not enabled by default on client versions of Windows
#
# If you would like to submit a bug report, please visit:
#   http://bugreport.java.com/bugreport/crash.jsp
# The crash happened outside the Java Virtual Machine in native code.
# See problematic frame for where to report the bug.
#

---------------  T H R E A D  ---------------

Current thread (0x2835e400):  JavaThread "Swing-Shell" daemon [_thread_in_native, id=11516, stack(0x02c90000,0x02ce0000)]

siginfo: ExceptionCode=0xc0000005, reading address 0x00000000

Registers:
EAX=0x00000000, EBX=0x0114fe00, ECX=0xb2213afe, EDX=0x00b0e6f8
ESP=0x02cdf020, EBP=0x02cdf020, ESI=0x02cdf040, EDI=0x2835e540
EIP=0x6bd521f4, EFLAGS=0x00010246

Top of Stack: (sp=0x02cdf020)
0x02cdf020:   02cdf148 6bb79b11 00000000 0114fe00
0x02cdf030:   6bb7a2c8 29501160 2835e400 0114fe00
0x02cdf040:   00000000 00000000 3b049837 282764b8
0x02cdf050:   2835e400 27fd7388 00000024 00000001
0x02cdf060:   00000000 00000000 00000000 00000000
0x02cdf070:   00000000 02cdf0a8 65917333 2835e400
0x02cdf080:   a4ab5079 282764b8 2835e400 27fd7388
0x02cdf090:   02cdf080 2850af18 02cdf43c 65bcf62a 

Instructions: (pc=0x6bd521f4)
0x6bd521d4:   48 df 6b 00 0f 84 bd 20 00 00 6a 00 ff 75 08 e8
0x6bd521e4:   8a 22 00 00 59 59 5d c3 8b ff 55 8b ec 8b 45 08
0x6bd521f4:   66 8b 08 83 c0 02 66 85 c9 75 f5 2b 45 08 d1 f8
0x6bd52204:   48 5d c3 8b ff 55 8b ec 51 53 56 8b 75 08 f6 46 


Register to memory mapping:

EAX=0x00000000 is an unknown value
EBX={method} {0x0114fe04} 'getDisplayNameOf' '(JJI)Ljava/lang/String;' in 'sun/awt/shell/Win32ShellFolder2'
ECX=0xb2213afe is an unknown value
EDX=0x00b0e6f8 is an unknown value
ESP=0x02cdf020 is pointing into the stack for thread: 0x2835e400
EBP=0x02cdf020 is pointing into the stack for thread: 0x2835e400
ESI=0x02cdf040 is pointing into the stack for thread: 0x2835e400
EDI=0x2835e540 is an unknown value


Stack: [0x02c90000,0x02ce0000],  sp=0x02cdf020,  free space=316k
Native frames: (J=compiled Java code, j=interpreted, Vv=VM code, C=native code)
C  [msvcr100.dll+0x121f4]
C  [awt.dll+0x59b11]
j  sun.awt.shell.Win32ShellFolder2.getDisplayNameOf(JJI)Ljava/lang/String;+0
j  sun.awt.shell.Win32ShellFolder2.access$1600(JJI)Ljava/lang/String;+4
j  sun.awt.shell.Win32ShellFolder2$13.call()Ljava/lang/String;+15
j  sun.awt.shell.Win32ShellFolder2$13.call()Ljava/lang/Object;+1
j  java.util.concurrent.FutureTask.run()V+42
j  java.util.concurrent.ThreadPoolExecutor.runWorker(Ljava/util/concurrent/ThreadPoolExecutor$Worker;)V+95
j  java.util.concurrent.ThreadPoolExecutor$Worker.run()V+5
j  sun.awt.shell.Win32ShellFolderManager2$ComInvoker$3.run()V+7
j  java.lang.Thread.run()V+11
v  ~StubRoutines::call_stub
V  [jvm.dll+0x15aa85]
V  [jvm.dll+0x220d7e]
V  [jvm.dll+0x15ab1e]
V  [jvm.dll+0x15aca6]
V  [jvm.dll+0x15ad17]
V  [jvm.dll+0xff20f]
V  [jvm.dll+0x17d800]
V  [jvm.dll+0x17e07a]
V  [jvm.dll+0x1c2ae6]
C  [msvcr100.dll+0x5c556]
C  [msvcr100.dll+0x5c600]
C  [KERNEL32.DLL+0x18744]
C  [ntdll.dll+0x6582d]
C  [ntdll.dll+0x657fd]
C  0x00000000

Java frames: (J=compiled Java code, j=interpreted, Vv=VM code)
j  sun.awt.shell.Win32ShellFolder2.getDisplayNameOf(JJI)Ljava/lang/String;+0
j  sun.awt.shell.Win32ShellFolder2.access$1600(JJI)Ljava/lang/String;+4
j  sun.awt.shell.Win32ShellFolder2$13.call()Ljava/lang/String;+15
j  sun.awt.shell.Win32ShellFolder2$13.call()Ljava/lang/Object;+1
j  java.util.concurrent.FutureTask.run()V+42
j  java.util.concurrent.ThreadPoolExecutor.runWorker(Ljava/util/concurrent/ThreadPoolExecutor$Worker;)V+95
j  java.util.concurrent.ThreadPoolExecutor$Worker.run()V+5
j  sun.awt.shell.Win32ShellFolderManager2$ComInvoker$3.run()V+7
j  java.lang.Thread.run()V+11
v  ~StubRoutines::call_stub

---------------  P R O C E S S  ---------------

Java Threads: ( => current thread )
=>0x2835e400 JavaThread "Swing-Shell" daemon [_thread_in_native, id=11516, stack(0x02c90000,0x02ce0000)]
  0x2835cc00 JavaThread "Image Fetcher 0" daemon [_thread_blocked, id=10736, stack(0x029d0000,0x02a20000)]
  0x2835f400 JavaThread "DestroyJavaVM" [_thread_blocked, id=9524, stack(0x02a60000,0x02ab0000)]
  0x26bb5000 JavaThread "TimerQueue" daemon [_thread_blocked, id=12464, stack(0x2a630000,0x2a680000)]
  0x26bb3400 JavaThread "Batik CleanerThread" daemon [_thread_blocked, id=17360, stack(0x27820000,0x27870000)]
  0x26baf800 JavaThread "AWT-EventQueue-0" [_thread_blocked, id=8668, stack(0x27750000,0x277a0000)]
  0x26bb3c00 JavaThread "AWT-Shutdown" [_thread_blocked, id=3944, stack(0x276c0000,0x27710000)]
  0x26bafc00 JavaThread "Timer-0" [_thread_blocked, id=10124, stack(0x272e0000,0x27330000)]
  0x26bb3000 JavaThread "JmDNS(LUKAS-RASPBERRY.local.).State.Timer" daemon [_thread_blocked, id=13976, stack(0x27250000,0x272a0000)]
  0x26bb2800 JavaThread "JmDNS(LUKAS-RASPBERRY.local.).Timer" daemon [_thread_blocked, id=16660, stack(0x271c0000,0x27210000)]
  0x26bb2400 JavaThread "SocketListener(LUKAS-RASPBERRY.local.)" daemon [_thread_in_native, id=10332, stack(0x27130000,0x27180000)]
  0x26baf000 JavaThread "JmDNS(LUKAS-RASPBERRY.local.).State.Timer" daemon [_thread_blocked, id=15512, stack(0x29660000,0x296b0000)]
  0x26baec00 JavaThread "JmDNS(LUKAS-RASPBERRY.local.).Timer" daemon [_thread_blocked, id=15936, stack(0x295d0000,0x29620000)]
  0x26bae400 JavaThread "SocketListener(LUKAS-RASPBERRY.local.)" daemon [_thread_in_native, id=11828, stack(0x29430000,0x29480000)]
  0x26bb1c00 JavaThread "JmDNS(fe80-0-0-0-39c7-1bae-dc62-3306-wlan0.local.).State.Timer" daemon [_thread_blocked, id=4152, stack(0x293a0000,0x293f0000)]
  0x26bb0800 JavaThread "JmDNS(fe80-0-0-0-39c7-1bae-dc62-3306-wlan0.local.).Timer" daemon [_thread_blocked, id=2368, stack(0x29310000,0x29360000)]
  0x26bb1800 JavaThread "SocketListener(fe80-0-0-0-39c7-1bae-dc62-3306-wlan0.local.)" daemon [_thread_in_native, id=11412, stack(0x02d30000,0x02d80000)]
  0x26bb0400 JavaThread "JmDNS(2003-86-4240-5a00-c161-27f6-c08-7925.local.).State.Timer" daemon [_thread_blocked, id=6960, stack(0x29280000,0x292d0000)]
  0x26bb1000 JavaThread "JmDNS(2003-86-4240-5a00-c161-27f6-c08-7925.local.).Timer" daemon [_thread_blocked, id=15544, stack(0x291f0000,0x29240000)]
  0x28019000 JavaThread "SocketListener(2003-86-4240-5a00-c161-27f6-c08-7925.local.)" daemon [_thread_in_native, id=15344, stack(0x29160000,0x291b0000)]
  0x28018000 JavaThread "JmDNS(LUKAS-RASPBERRY.local.).State.Timer" daemon [_thread_blocked, id=14132, stack(0x290d0000,0x29120000)]
  0x28017c00 JavaThread "JmDNS(LUKAS-RASPBERRY.local.).Timer" daemon [_thread_blocked, id=5152, stack(0x29040000,0x29090000)]
  0x28017400 JavaThread "SocketListener(LUKAS-RASPBERRY.local.)" daemon [_thread_in_native, id=13828, stack(0x28fb0000,0x29000000)]
  0x28017000 JavaThread "JmDNS(LUKAS-RASPBERRY.local.).State.Timer" daemon [_thread_blocked, id=16548, stack(0x28f20000,0x28f70000)]
  0x28016800 JavaThread "JmDNS(LUKAS-RASPBERRY.local.).Timer" daemon [_thread_blocked, id=8464, stack(0x28e90000,0x28ee0000)]
  0x28018800 JavaThread "SocketListener(LUKAS-RASPBERRY.local.)" daemon [_thread_in_native, id=6516, stack(0x26f50000,0x26fa0000)]
  0x28015c00 JavaThread "JmDNS(2003-86-4240-5a00-39c7-1bae-dc62-3306.local.).State.Timer" daemon [_thread_blocked, id=12424, stack(0x28e00000,0x28e50000)]
  0x28016400 JavaThread "JmDNS(2003-86-4240-5a00-39c7-1bae-dc62-3306.local.).Timer" daemon [_thread_blocked, id=8716, stack(0x28d70000,0x28dc0000)]
  0x28019400 JavaThread "SocketListener(2003-86-4240-5a00-39c7-1bae-dc62-3306.local.)" daemon [_thread_in_native, id=4292, stack(0x28ce0000,0x28d30000)]
  0x28011800 JavaThread "JmDNS(LUKAS-RASPBERRY-Speedport_W_723V_1_43_000.local.).State.Timer" daemon [_thread_blocked, id=1812, stack(0x28bc0000,0x28c10000)]
  0x28000c00 JavaThread "JmDNS(LUKAS-RASPBERRY-Speedport_W_723V_1_43_000.local.).Timer" daemon [_thread_blocked, id=17308, stack(0x28b30000,0x28b80000)]
  0x28000400 JavaThread "SocketListener(LUKAS-RASPBERRY-Speedport_W_723V_1_43_000.local.)" daemon [_thread_in_native, id=11604, stack(0x28aa0000,0x28af0000)]
  0x27fdc400 JavaThread "Multihomed mDNS.Timer" daemon [_thread_blocked, id=8636, stack(0x28910000,0x28960000)]
  0x27fdb400 JavaThread "cc.arduino.packages.discoverers.serial.SerialBoardsLister" [_thread_blocked, id=6364, stack(0x28880000,0x288d0000)]
  0x26acc000 JavaThread "AWT-Windows" daemon [_thread_in_native, id=4664, stack(0x26fe0000,0x27030000)]
  0x26acac00 JavaThread "Java2D Disposer" daemon [_thread_blocked, id=10824, stack(0x26ec0000,0x26f10000)]
  0x26275000 JavaThread "Service Thread" daemon [_thread_blocked, id=816, stack(0x26780000,0x267d0000)]
  0x2624f800 JavaThread "C1 CompilerThread0" daemon [_thread_blocked, id=12580, stack(0x266f0000,0x26740000)]
  0x2624e000 JavaThread "Attach Listener" daemon [_thread_blocked, id=10928, stack(0x26660000,0x266b0000)]
  0x2623cc00 JavaThread "Signal Dispatcher" daemon [_thread_blocked, id=11820, stack(0x25630000,0x25680000)]
  0x2623ac00 JavaThread "Finalizer" daemon [_thread_blocked, id=5936, stack(0x264b0000,0x26500000)]
  0x26225000 JavaThread "Reference Handler" daemon [_thread_blocked, id=7972, stack(0x26420000,0x26470000)]

Other Threads:
  0x02c4ec00 VMThread [stack: 0x255a0000,0x255f0000] [id=10496]
  0x26280400 WatcherThread [stack: 0x26810000,0x26860000] [id=10856]

VM state:not at safepoint (normal execution)

VM Mutex/Monitor currently owned by a thread: None

Heap:
 def new generation   total 39424K, used 5380K [0x05000000, 0x07ac0000, 0x0faa0000)
  eden space 35072K,  15% used [0x05000000, 0x055412f0, 0x07240000)
  from space 4352K,   0% used [0x07240000, 0x07240000, 0x07680000)
  to   space 4352K,   0% used [0x07680000, 0x07680000, 0x07ac0000)
 tenured generation   total 87424K, used 30080K [0x0faa0000, 0x15000000, 0x25000000)
   the space 87424K,  34% used [0x0faa0000, 0x118001e0, 0x11800200, 0x15000000)
 Metaspace       used 20190K, capacity 20711K, committed 20992K, reserved 21888K

Card table byte_map: [0x02d90000,0x02ea0000] byte_map_base: 0x02d68000

Polling page: 0x00cc0000

CodeCache: size=32768Kb used=2623Kb max_used=4120Kb free=30144Kb
 bounds [0x02eb0000, 0x032b8000, 0x04eb0000]
 total_blobs=1720 nmethods=1437 adapters=212
 compilation: enabled

Compilation events (10 events):
Event: 1073.151 Thread 0x2624f800 3177   !         java.awt.EventQueue::wakeup (79 bytes)
Event: 1073.151 Thread 0x2624f800 nmethod 3177 0x030bbc08 code [0x030bbd70, 0x030bbfd0]
Event: 1073.341 Thread 0x2624f800 3178             java.lang.Thread::interrupted (8 bytes)
Event: 1073.341 Thread 0x2624f800 nmethod 3178 0x030bba08 code [0x030bbb00, 0x030bbb9c]
Event: 1073.344 Thread 0x2624f800 3179             java.util.Hashtable$Entry::<init> (26 bytes)
Event: 1073.345 Thread 0x2624f800 nmethod 3179 0x030bb808 code [0x030bb900, 0x030bb9b0]
Event: 1073.345 Thread 0x2624f800 3180             java.util.concurrent.locks.ReentrantLock$NonfairSync::tryAcquire (6 bytes)
Event: 1073.346 Thread 0x2624f800 nmethod 3180 0x030bb608 code [0x030bb700, 0x030bb78c]
Event: 1073.393 Thread 0x2624f800 3181             java.util.concurrent.FutureTask::awaitDone (171 bytes)
Event: 1073.395 Thread 0x2624f800 nmethod 3181 0x02fc6008 code [0x02fc6170, 0x02fc65f4]

GC Heap History (10 events):
Event: 570.691 GC heap before
{Heap before GC invocations=5 (full 1):
 def new generation   total 39424K, used 39424K [0x05000000, 0x07ac0000, 0x0faa0000)
  eden space 35072K, 100% used [0x05000000, 0x07240000, 0x07240000)
  from space 4352K, 100% used [0x07240000, 0x07680000, 0x07680000)
  to   space 4352K,   0% used [0x07680000, 0x07680000, 0x07ac0000)
 tenured generation   total 87424K, used 21208K [0x0faa0000, 0x15000000, 0x25000000)
   the space 87424K,  24% used [0x0faa0000, 0x10f560f0, 0x10f56200, 0x15000000)
 Metaspace       used 18695K, capacity 19214K, committed 19328K, reserved 19840K
Event: 570.722 GC heap after
Heap after GC invocations=6 (full 1):
 def new generation   total 39424K, used 1316K [0x05000000, 0x07ac0000, 0x0faa0000)
  eden space 35072K,   0% used [0x05000000, 0x05000000, 0x07240000)
  from space 4352K,  30% used [0x07680000, 0x077c92f0, 0x07ac0000)
  to   space 4352K,   0% used [0x07240000, 0x07240000, 0x07680000)
 tenured generation   total 87424K, used 32524K [0x0faa0000, 0x15000000, 0x25000000)
   the space 87424K,  37% used [0x0faa0000, 0x11a632b8, 0x11a63400, 0x15000000)
 Metaspace       used 18695K, capacity 19214K, committed 19328K, reserved 19840K
}
Event: 825.158 GC heap before
{Heap before GC invocations=6 (full 1):
 def new generation   total 39424K, used 36388K [0x05000000, 0x07ac0000, 0x0faa0000)
  eden space 35072K, 100% used [0x05000000, 0x07240000, 0x07240000)
  from space 4352K,  30% used [0x07680000, 0x077c92f0, 0x07ac0000)
  to   space 4352K,   0% used [0x07240000, 0x07240000, 0x07680000)
 tenured generation   total 87424K, used 32524K [0x0faa0000, 0x15000000, 0x25000000)
   the space 87424K,  37% used [0x0faa0000, 0x11a632b8, 0x11a63400, 0x15000000)
 Metaspace       used 18913K, capacity 19438K, committed 19456K, reserved 19840K
Event: 825.166 GC heap after
Heap after GC invocations=7 (full 1):
 def new generation   total 39424K, used 1690K [0x05000000, 0x07ac0000, 0x0faa0000)
  eden space 35072K,   0% used [0x05000000, 0x05000000, 0x07240000)
  from space 4352K,  38% used [0x07240000, 0x073e6b48, 0x07680000)
  to   space 4352K,   0% used [0x07680000, 0x07680000, 0x07ac0000)
 tenured generation   total 87424K, used 32524K [0x0faa0000, 0x15000000, 0x25000000)
   the space 87424K,  37% used [0x0faa0000, 0x11a632b8, 0x11a63400, 0x15000000)
 Metaspace       used 18913K, capacity 19438K, committed 19456K, reserved 19840K
}
Event: 1024.555 GC heap before
{Heap before GC invocations=7 (full 1):
 def new generation   total 39424K, used 36762K [0x05000000, 0x07ac0000, 0x0faa0000)
  eden space 35072K, 100% used [0x05000000, 0x07240000, 0x07240000)
  from space 4352K,  38% used [0x07240000, 0x073e6b48, 0x07680000)
  to   space 4352K,   0% used [0x07680000, 0x07680000, 0x07ac0000)
 tenured generation   total 87424K, used 32524K [0x0faa0000, 0x15000000, 0x25000000)
   the space 87424K,  37% used [0x0faa0000, 0x11a632b8, 0x11a63400, 0x15000000)
 Metaspace       used 19007K, capacity 19537K, committed 19584K, reserved 19840K
Event: 1024.563 GC heap after
Heap after GC invocations=8 (full 1):
 def new generation   total 39424K, used 1637K [0x05000000, 0x07ac0000, 0x0faa0000)
  eden space 35072K,   0% used [0x05000000, 0x05000000, 0x07240000)
  from space 4352K,  37% used [0x07680000, 0x078196b0, 0x07ac0000)
  to   space 4352K,   0% used [0x07240000, 0x07240000, 0x07680000)
 tenured generation   total 87424K, used 32524K [0x0faa0000, 0x15000000, 0x25000000)
   the space 87424K,  37% used [0x0faa0000, 0x11a632b8, 0x11a63400, 0x15000000)
 Metaspace       used 19007K, capacity 19537K, committed 19584K, reserved 19840K
}
Event: 1062.368 GC heap before
{Heap before GC invocations=8 (full 1):
 def new generation   total 39424K, used 36709K [0x05000000, 0x07ac0000, 0x0faa0000)
  eden space 35072K, 100% used [0x05000000, 0x07240000, 0x07240000)
  from space 4352K,  37% used [0x07680000, 0x078196b0, 0x07ac0000)
  to   space 4352K,   0% used [0x07240000, 0x07240000, 0x07680000)
 tenured generation   total 87424K, used 32524K [0x0faa0000, 0x15000000, 0x25000000)
   the space 87424K,  37% used [0x0faa0000, 0x11a632b8, 0x11a63400, 0x15000000)
 Metaspace       used 19049K, capacity 19571K, committed 19584K, reserved 19840K
Event: 1062.378 GC heap after
Heap after GC invocations=9 (full 1):
 def new generation   total 39424K, used 2634K [0x05000000, 0x07ac0000, 0x0faa0000)
  eden space 35072K,   0% used [0x05000000, 0x05000000, 0x07240000)
  from space 4352K,  60% used [0x07240000, 0x074d2b18, 0x07680000)
  to   space 4352K,   0% used [0x07680000, 0x07680000, 0x07ac0000)
 tenured generation   total 87424K, used 32524K [0x0faa0000, 0x15000000, 0x25000000)
   the space 87424K,  37% used [0x0faa0000, 0x11a632b8, 0x11a63400, 0x15000000)
 Metaspace       used 19049K, capacity 19571K, committed 19584K, reserved 19840K
}
Event: 1066.251 GC heap before
{Heap before GC invocations=9 (full 1):
 def new generation   total 39424K, used 7417K [0x05000000, 0x07ac0000, 0x0faa0000)
  eden space 35072K,  13% used [0x05000000, 0x054ab9a8, 0x07240000)
  from space 4352K,  60% used [0x07240000, 0x074d2b18, 0x07680000)
  to   space 4352K,   0% used [0x07680000, 0x07680000, 0x07ac0000)
 tenured generation   total 87424K, used 32524K [0x0faa0000, 0x15000000, 0x25000000)
   the space 87424K,  37% used [0x0faa0000, 0x11a632b8, 0x11a63400, 0x15000000)
 Metaspace       used 19914K, capacity 20445K, committed 20480K, reserved 20864K
Event: 1066.294 GC heap after
Heap after GC invocations=10 (full 2):
 def new generation   total 39424K, used 0K [0x05000000, 0x07ac0000, 0x0faa0000)
  eden space 35072K,   0% used [0x05000000, 0x05000000, 0x07240000)
  from space 4352K,   0% used [0x07240000, 0x07240000, 0x07680000)
  to   space 4352K,   0% used [0x07680000, 0x07680000, 0x07ac0000)
 tenured generation   total 87424K, used 30080K [0x0faa0000, 0x15000000, 0x25000000)
   the space 87424K,  34% used [0x0faa0000, 0x118001e0, 0x11800200, 0x15000000)
 Metaspace       used 19767K, capacity 20255K, committed 20480K, reserved 20864K
}

Deoptimization events (0 events):
No events

Internal exceptions (10 events):
Event: 1025.591 Thread 0x2835f000 Exception <a 'java/io/IOException'> (0x0509b4b0) thrown at [C:\workspace\8-2-build-windows-i586-cygwin\jdk8u121\8372\hotspot\src\share\vm\prims\jni.cpp, line 709]
Event: 1025.591 Thread 0x2835f000 Exception <a 'java/io/IOException'> (0x0509bfe8) thrown at [C:\workspace\8-2-build-windows-i586-cygwin\jdk8u121\8372\hotspot\src\share\vm\prims\jni.cpp, line 709]
Event: 1025.591 Thread 0x2835f000 Exception <a 'java/io/IOException'> (0x0509c378) thrown at [C:\workspace\8-2-build-windows-i586-cygwin\jdk8u121\8372\hotspot\src\share\vm\prims\jni.cpp, line 709]
Event: 1025.591 Thread 0x2835f000 Exception <a 'java/io/IOException'> (0x0509c5c8) thrown at [C:\workspace\8-2-build-windows-i586-cygwin\jdk8u121\8372\hotspot\src\share\vm\prims\jni.cpp, line 709]
Event: 1025.704 Thread 0x2835f000 Exception <a 'java/io/IOException'> (0x0509cf48) thrown at [C:\workspace\8-2-build-windows-i586-cygwin\jdk8u121\8372\hotspot\src\share\vm\prims\jni.cpp, line 709]
Event: 1025.704 Thread 0x2835f000 Exception <a 'java/io/IOException'> (0x0509d310) thrown at [C:\workspace\8-2-build-windows-i586-cygwin\jdk8u121\8372\hotspot\src\share\vm\prims\jni.cpp, line 709]
Event: 1025.704 Thread 0x2835f000 Exception <a 'java/io/IOException'> (0x0509d560) thrown at [C:\workspace\8-2-build-windows-i586-cygwin\jdk8u121\8372\hotspot\src\share\vm\prims\jni.cpp, line 709]
Event: 1025.717 Thread 0x2835b000 Exception <a 'java/io/IOException'> (0x050a21f8) thrown at [C:\workspace\8-2-build-windows-i586-cygwin\jdk8u121\8372\hotspot\src\share\vm\prims\jni.cpp, line 709]
Event: 1025.717 Thread 0x2835b000 Exception <a 'java/io/IOException'> (0x050a2560) thrown at [C:\workspace\8-2-build-windows-i586-cygwin\jdk8u121\8372\hotspot\src\share\vm\prims\jni.cpp, line 709]
Event: 1025.717 Thread 0x2835b000 Exception <a 'java/io/IOException'> (0x050a27b0) thrown at [C:\workspace\8-2-build-windows-i586-cygwin\jdk8u121\8372\hotspot\src\share\vm\prims\jni.cpp, line 709]

Events (10 events):
Event: 1072.932 loading class sun/awt/shell/Win32ShellFolder2$9
Event: 1072.932 loading class sun/awt/shell/Win32ShellFolder2$9 done
Event: 1072.933 loading class sun/awt/shell/Win32ShellFolder2$5
Event: 1072.933 loading class sun/awt/shell/Win32ShellFolder2$5 done
Event: 1073.311 loading class sun/awt/shell/Win32ShellFolder2$18
Event: 1073.311 loading class sun/awt/shell/Win32ShellFolder2$18 done
Event: 1073.311 loading class sun/awt/shell/Win32ShellFolder2$ColumnComparator$1
Event: 1073.311 loading class sun/awt/shell/Win32ShellFolder2$ColumnComparator$1 done
Event: 1073.315 loading class sun/awt/shell/Win32ShellFolder2$11
Event: 1073.315 loading class sun/awt/shell/Win32ShellFolder2$11 done


Dynamic libraries:
0x00a10000 - 0x00a43000 	C:\Program Files (x86)\Arduino\java\bin\javaw.exe
0x772d0000 - 0x7745e000 	C:\Windows\SYSTEM32\ntdll.dll
0x73e90000 - 0x73f60000 	C:\Windows\System32\KERNEL32.DLL
0x76500000 - 0x766c2000 	C:\Windows\System32\KERNELBASE.dll
0x76840000 - 0x768b7000 	C:\Windows\System32\ADVAPI32.dll
0x76a50000 - 0x76b0d000 	C:\Windows\System32\msvcrt.dll
0x73dc0000 - 0x73e01000 	C:\Windows\System32\sechost.dll
0x77210000 - 0x772d0000 	C:\Windows\System32\RPCRT4.dll
0x73da0000 - 0x73dc0000 	C:\Windows\System32\SspiCli.dll
0x73d90000 - 0x73d9a000 	C:\Windows\System32\CRYPTBASE.dll
0x767e0000 - 0x76837000 	C:\Windows\System32\bcryptPrimitives.dll
0x746b0000 - 0x747ec000 	C:\Windows\System32\USER32.dll
0x76150000 - 0x76166000 	C:\Windows\System32\win32u.dll
0x76120000 - 0x76141000 	C:\Windows\System32\GDI32.dll
0x75fb0000 - 0x76108000 	C:\Windows\System32\gdi32full.dll
0x74000000 - 0x74079000 	C:\Windows\System32\msvcp_win.dll
0x76380000 - 0x76498000 	C:\Windows\System32\ucrtbase.dll
0x736d0000 - 0x738de000 	C:\Windows\WinSxS\x86_microsoft.windows.common-controls_6595b64144ccf1df_6.0.15063.483_none_6dad63fefc436da8\COMCTL32.dll
0x75d70000 - 0x75fa8000 	C:\Windows\System32\combase.dll
0x76210000 - 0x76235000 	C:\Windows\System32\IMM32.DLL
0x6bd40000 - 0x6bdff000 	C:\Program Files (x86)\Arduino\java\bin\msvcr100.dll
0x65910000 - 0x65cde000 	C:\Program Files (x86)\Arduino\java\bin\client\jvm.dll
0x767d0000 - 0x767d6000 	C:\Windows\System32\PSAPI.DLL
0x719b0000 - 0x719b8000 	C:\Windows\SYSTEM32\WSOCK32.dll
0x6dff0000 - 0x6e014000 	C:\Windows\SYSTEM32\WINMM.dll
0x73d20000 - 0x73d28000 	C:\Windows\SYSTEM32\VERSION.dll
0x771a0000 - 0x77207000 	C:\Windows\System32\WS2_32.dll
0x6de50000 - 0x6de73000 	C:\Windows\SYSTEM32\WINMMBASE.dll
0x76240000 - 0x76279000 	C:\Windows\System32\cfgmgr32.dll
0x6bd00000 - 0x6bd31000 	C:\Program Files (x86)\Arduino\java\bin\splashscreen.dll
0x72e60000 - 0x72ed8000 	C:\Windows\system32\uxtheme.dll
0x6cdd0000 - 0x6cddc000 	C:\Program Files (x86)\Arduino\java\bin\verify.dll
0x6bcd0000 - 0x6bcf1000 	C:\Program Files (x86)\Arduino\java\bin\java.dll
0x747f0000 - 0x74936000 	C:\Windows\System32\MSCTF.dll
0x73f60000 - 0x73ff6000 	C:\Windows\System32\OLEAUT32.dll
0x6bcb0000 - 0x6bcc3000 	C:\Program Files (x86)\Arduino\java\bin\zip.dll
0x746a0000 - 0x746ae000 	C:\Windows\System32\kernel.appcore.dll
0x6c2b0000 - 0x6c317000 	C:\Windows\System32\TextInputFramework.dll
0x6c080000 - 0x6c2a7000 	C:\Windows\System32\CoreUIComponents.dll
0x6bff0000 - 0x6c07f000 	C:\Windows\System32\CoreMessaging.dll
0x74080000 - 0x7410c000 	C:\Windows\System32\SHCORE.dll
0x733f0000 - 0x73418000 	C:\Windows\SYSTEM32\ntmarta.dll
0x6cf90000 - 0x6d061000 	C:\Windows\SYSTEM32\wintypes.dll
0x6d2a0000 - 0x6d2b0000 	C:\Windows\SYSTEM32\usermgrcli.dll
0x72e30000 - 0x72e53000 	C:\Windows\system32\dwmapi.dll
0x749d0000 - 0x75d18000 	C:\Windows\System32\SHELL32.dll
0x74110000 - 0x74694000 	C:\Windows\System32\windows.storage.dll
0x77150000 - 0x77195000 	C:\Windows\System32\shlwapi.dll
0x75d20000 - 0x75d65000 	C:\Windows\System32\powrprof.dll
0x76a40000 - 0x76a50000 	C:\Windows\System32\profapi.dll
0x61940000 - 0x619b2000 	C:\Program Files (x86)\Arduino\lib\listSerialsj.dll
0x76ce0000 - 0x770fa000 	C:\Windows\System32\SETUPAPI.dll
0x6bc90000 - 0x6bcad000 	C:\Program Files (x86)\Arduino\lib\jnidispatch-4.2.2-win32-x86.dll
0x766d0000 - 0x767c3000 	C:\Windows\System32\Ole32.dll
0x6bc70000 - 0x6bc86000 	C:\Program Files (x86)\Arduino\java\bin\net.dll
0x72ce0000 - 0x72d2e000 	C:\Windows\system32\mswsock.dll
0x6c7a0000 - 0x6c7af000 	C:\Program Files (x86)\Arduino\java\bin\nio.dll
0x6bb20000 - 0x6bc66000 	C:\Program Files (x86)\Arduino\java\bin\awt.dll
0x714f0000 - 0x71583000 	C:\Windows\SYSTEM32\apphelp.dll
0x6bae0000 - 0x6bb19000 	C:\Program Files (x86)\Arduino\java\bin\fontmanager.dll
0x5f9a0000 - 0x5fa7f000 	C:\Windows\system32\opengl32.dll
0x61dd0000 - 0x61df5000 	C:\Windows\SYSTEM32\GLU32.dll
0x680e0000 - 0x68112000 	C:\Program Files (x86)\Arduino\java\bin\t2k.dll
0x731b0000 - 0x731d2000 	C:\Windows\SYSTEM32\DEVOBJ.dll
0x77100000 - 0x77144000 	C:\Windows\System32\WINTRUST.dll
0x76170000 - 0x7617e000 	C:\Windows\System32\MSASN1.dll
0x768c0000 - 0x76a3d000 	C:\Windows\System32\CRYPT32.dll
0x73cd0000 - 0x73cff000 	C:\Windows\SYSTEM32\IPHLPAPI.DLL
0x76370000 - 0x76377000 	C:\Windows\System32\NSI.dll
0x72ca0000 - 0x72cb3000 	C:\Windows\SYSTEM32\dhcpcsvc6.DLL
0x72cc0000 - 0x72cd4000 	C:\Windows\SYSTEM32\dhcpcsvc.DLL
0x72c20000 - 0x72c9f000 	C:\Windows\SYSTEM32\DNSAPI.dll
0x73d40000 - 0x73d48000 	C:\Windows\System32\rasadhlp.dll
0x73670000 - 0x736ba000 	C:\Windows\System32\fwpuclnt.dll
0x735d0000 - 0x735e8000 	C:\Windows\SYSTEM32\bcrypt.dll
0x5b650000 - 0x5b6b9000 	C:\Program Files (x86)\Arduino\msvcp100.dll
0x5b590000 - 0x5b64e000 	C:\Program Files (x86)\Arduino\msvcr100.dll
0x277a0000 - 0x277d2000 	C:\Program Files (x86)\Arduino\lib\AStylej.dll
0x658e0000 - 0x65904000 	C:\Program Files (x86)\Arduino\java\bin\dcpr.dll
0x76180000 - 0x76203000 	C:\Windows\System32\clbcatq.dll
0x6d940000 - 0x6dab2000 	C:\Windows\SYSTEM32\WindowsCodecs.dll
0x6d5d0000 - 0x6d613000 	C:\Windows\system32\dataexchange.dll
0x6d4e0000 - 0x6d5cb000 	C:\Windows\system32\dcomp.dll
0x6e230000 - 0x6e482000 	C:\Windows\system32\d3d11.dll
0x6e1a0000 - 0x6e22a000 	C:\Windows\system32\dxgi.dll
0x6d3a0000 - 0x6d4d6000 	C:\Windows\system32\twinapi.appcore.dll
0x72700000 - 0x72713000 	C:\Windows\SYSTEM32\CRYPTSP.dll
0x726d0000 - 0x726ff000 	C:\Windows\system32\rsaenh.dll
0x727c0000 - 0x727e2000 	C:\Windows\SYSTEM32\USERENV.dll
0x50c10000 - 0x50c4c000 	C:\Windows\SYSTEM32\edputil.dll
0x72a50000 - 0x72ade000 	C:\Windows\WinSxS\x86_microsoft.windows.common-controls_6595b64144ccf1df_5.82.15063.413_none_55bc94a37c2a2854\comctl32.dll
0x720c0000 - 0x72224000 	C:\Windows\system32\propsys.dll
0x713c0000 - 0x714e4000 	C:\Windows\system32\NetworkExplorer.dll
0x6c8f0000 - 0x6cb68000 	C:\Windows\System32\OneCoreUAPCommonProxyStub.dll
0x6b890000 - 0x6b8d7000 	C:\Windows\System32\thumbcache.dll
0x67d00000 - 0x67d64000 	C:\Windows\SYSTEM32\policymanager.dll
0x68160000 - 0x681c6000 	C:\Windows\SYSTEM32\msvcp110_win.dll
0x72b20000 - 0x72b36000 	C:\Windows\SYSTEM32\MPR.dll
0x716e0000 - 0x716e9000 	C:\Windows\System32\drprov.dll
0x72680000 - 0x726c2000 	C:\Windows\System32\WINSTA.dll
0x716c0000 - 0x716d2000 	C:\Windows\System32\ntlanman.dll
0x716a0000 - 0x716ba000 	C:\Windows\System32\davclnt.dll
0x71690000 - 0x7169a000 	C:\Windows\System32\DAVHLPR.dll
0x73600000 - 0x73610000 	C:\Windows\System32\wkscli.dll
0x71680000 - 0x7168f000 	C:\Windows\SYSTEM32\cscapi.dll
0x735f0000 - 0x735fb000 	C:\Windows\System32\netutils.dll
0x68120000 - 0x68160000 	C:\Windows\System32\dlnashext.dll
0x50f60000 - 0x50fb6000 	C:\Windows\System32\PlayToDevice.dll
0x68db0000 - 0x68dca000 	C:\Windows\System32\DevDispItemProvider.dll
0x6d340000 - 0x6d399000 	C:\Windows\System32\MMDevApi.dll
0x65700000 - 0x658d2000 	C:\Windows\system32\wpdshext.dll
0x6de80000 - 0x6dfe6000 	C:\Windows\WinSxS\x86_microsoft.windows.gdiplus_6595b64144ccf1df_1.1.15063.608_none_9e9d5d4256d15def\gdiplus.dll
0x50b80000 - 0x50c03000 	C:\Windows\System32\PortableDeviceApi.dll
0x50b30000 - 0x50b71000 	C:\Windows\system32\audiodev.dll
0x50910000 - 0x50b27000 	C:\Windows\system32\WMVCore.DLL
0x508d0000 - 0x5090f000 	C:\Windows\system32\WMASF.DLL
0x507c0000 - 0x508c7000 	C:\Windows\system32\mfperfhelper.dll
0x50650000 - 0x507b5000 	C:\Windows\SYSTEM32\MFPlat.DLL
0x50620000 - 0x5064a000 	C:\Windows\SYSTEM32\RTWorkQ.DLL
0x67e40000 - 0x67e4d000 	C:\Windows\SYSTEM32\LINKINFO.dll
0x6e490000 - 0x6e49a000 	C:\Windows\SYSTEM32\Secur32.dll
0x68ff0000 - 0x6914d000 	C:\Windows\SYSTEM32\dbghelp.dll

VM Arguments:
jvm_args: -Dsun.java2d.d3d=false -Djna.nosys=true -Djna.nounpack=true -Djna.boot.library.name=jnidispatch-4.2.2-win32-x86 -Djna.boot.library.path=C:\Program Files (x86)\Arduino/lib -Djssc.library.path=C:\Program Files (x86)\Arduino/lib -DAPP_DIR=C:\Program Files (x86)\Arduino -Xms128M -Xmx512M 
java_command: processing.app.Base C:\Raumklima\Arduino\Raumklima\Raumklima\Raumklima.ino
java_class_path (initial): C:\Program Files (x86)\Arduino\lib\apple.jar;C:\Program Files (x86)\Arduino\lib\arduino-core.jar;C:\Program Files (x86)\Arduino\lib\batik-1.8.jar;C:\Program Files (x86)\Arduino\lib\batik-anim-1.8.jar;C:\Program Files (x86)\Arduino\lib\batik-awt-util-1.8.jar;C:\Program Files (x86)\Arduino\lib\batik-bridge-1.8.jar;C:\Program Files (x86)\Arduino\lib\batik-codec-1.8.jar;C:\Program Files (x86)\Arduino\lib\batik-css-1.8.jar;C:\Program Files (x86)\Arduino\lib\batik-dom-1.8.jar;C:\Program Files (x86)\Arduino\lib\batik-ext-1.8.jar;C:\Program Files (x86)\Arduino\lib\batik-gvt-1.8.jar;C:\Program Files (x86)\Arduino\lib\batik-parser-1.8.jar;C:\Program Files (x86)\Arduino\lib\batik-rasterizer-1.8.jar;C:\Program Files (x86)\Arduino\lib\batik-script-1.8.jar;C:\Program Files (x86)\Arduino\lib\batik-squiggle-1.8.jar;C:\Program Files (x86)\Arduino\lib\batik-svg-dom-1.8.jar;C:\Program Files (x86)\Arduino\lib\batik-svgpp-1.8.jar;C:\Program Files (x86)\Arduino\lib\batik-transcoder-1.8.jar;C:\Program Files (x86)\Arduino\lib\batik-util-1.8.jar;C:\Program Files (x86)\Arduino\lib\batik-xml-1.8.jar;C:\Program Files (x86)\Arduino\lib\bcpg-jdk15on-152.jar;C:\Program Files (x86)\Arduino\lib\bcprov-jdk15on-152.jar;C:\Program Files (x86)\Arduino\lib\commons-codec-1.7.jar;C:\Program Files (x86)\Arduino\lib\commons-compress-1.8.jar;C:\Program Files (x86)\Arduino\lib\commons-exec-1.1.jar;C:\Program Files (x86)\Arduino\lib\commons-httpclient-3.1.jar;C:\Program Files (x86)\Arduino\lib\commons-lang3-3.3.2.jar;C:\Program Files (x86)\Arduino\lib\commons-logging-1.0.4.jar;C:\Program Files (x86)\Arduino\lib\commons-net-3.3.jar;C:\Program Files (x86)\Arduino\lib\jackson-annotations-2.6.3.jar;C:\Program Files (x86)\Arduino\lib\jackson-core-2.6.3.jar;C:\Program Files (x86)\Arduino\lib\jackson-databind-2.6.3.jar;C:\Program Files (x86)\Arduino\lib\jackson-module-mrbean-2.6.3.jar;C:\Program Files (x86)\Arduino\lib\java-semver-0.8.0.jar;C:\Program Files (x86)\Arduino\lib\jmdns-3.5.1.j
Launcher Type: SUN_STANDARD

Environment Variables:
PATH=C:\ProgramData\Oracle\Java\javapath;C:\Program Files (x86)\Intel\iCLS Client\;C:\Program Files\Intel\iCLS Client\;C:\Windows\system32;C:\Windows;C:\Windows\System32\Wbem;C:\Windows\System32\WindowsPowerShell\v1.0\;C:\Program Files (x86)\ATI Technologies\ATI.ACE\Core-Static;C:\Program Files (x86)\Intel\Intel(R) Management Engine Components\DAL;C:\Program Files\Intel\Intel(R) Management Engine Components\DAL;C:\Program Files (x86)\Intel\Intel(R) Management Engine Components\IPT;C:\Program Files\Intel\Intel(R) Management Engine Components\IPT;C:\Program Files (x86)\Bitvise SSH Client;C:\Program Files (x86)\Atmel\Flip 3.4.7\bin;C:\Program Files (x86)\Microsoft Emulator Manager\1.0\;C:\Program Files\Git\cmd;C:\Users\alder\AppData\Local\Microsoft\WindowsApps;C:\Program Files (x86)\Atmel\Flip 3.4.7\bin;C:\Users\alder\AppData\Local\GitHubDesktop\bin;C:\Program Files (x86)\EaseUS\Todo Backup\bin\x64\;C:\Program Files (x86)\Arduino\java\bin
USERNAME=alder
OS=Windows_NT
PROCESSOR_IDENTIFIER=Intel64 Family 6 Model 158 Stepping 9, GenuineIntel



---------------  S Y S T E M  ---------------

OS: Windows 10.0 , 64 bit Build 15063 (10.0.15063.296)

CPU:total 4 (2 cores per cpu, 2 threads per core) family 6 model 158 stepping 9, cmov, cx8, fxsr, mmx, sse, sse2, sse3, ssse3, sse4.1, sse4.2, popcnt, aes, clmul, erms, 3dnowpref, lzcnt, ht, tsc, tscinvbit

Memory: 4k page, physical 16717068k(11598728k free), swap 16717068k(11324264k free)

vm_info: Java HotSpot(TM) Client VM (25.121-b13) for windows-x86 JRE (1.8.0_121-b13), built on Dec 12 2016 18:17:00 by "java_re" with MS VC++ 10.0 (VS2010)

time: Thu Sep 21 16:52:40 2017
elapsed time: 1073 seconds (0d 0h 17m 53s)

