#
# A fatal error has been detected by the Java Runtime Environment:
#
#  EXCEPTION_ACCESS_VIOLATION (0xc0000005) at pc=0x6fa521f4, pid=7960, tid=6780
#
# JRE version: Java(TM) SE Runtime Environment (8.0_40-b26) (build 1.8.0_40-b26)
# Java VM: Java HotSpot(TM) Client VM (25.40-b25 mixed mode windows-x86 )
# Problematic frame:
# C  [MSVCR100.dll+0x121f4]
#
# Failed to write core dump. Minidumps are not enabled by default on client versions of Windows
#
# If you would like to submit a bug report, please visit:
#   http://bugreport.java.com/bugreport/crash.jsp
# The crash happened outside the Java Virtual Machine in native code.
# See problematic frame for where to report the bug.
#

---------------  T H R E A D  ---------------

Current thread (0x1544e400):  JavaThread "Swing-Shell" daemon [_thread_in_native, id=6780, stack(0x1f160000,0x1f360000)]

siginfo: ExceptionCode=0xc0000005, reading address 0x00000000

Registers:
EAX=0x00000000, EBX=0x1a6d9370, ECX=0xc31b0a22, EDX=0x00782ed0
ESP=0x1f35f590, EBP=0x1f35f590, ESI=0x1f35f5b0, EDI=0x1544e540
EIP=0x6fa521f4, EFLAGS=0x00010246

Top of Stack: (sp=0x1f35f590)
0x1f35f590:   1f35f6b8 6e749bf1 00000000 1a6d9370
0x1f35f5a0:   6e74a3ac 19c71a28 1544e400 1a6d9370
0x1f35f5b0:   00000000 00000000 e75b0680 1692b200
0x1f35f5c0:   1544e400 169b44c8 00000024 00000001
0x1f35f5d0:   00000000 00000000 00000000 00000000
0x1f35f5e0:   00000000 1f35f618 6fb06f23 1544e400
0x1f35f5f0:   32f99e09 1692b200 1544e400 169b44c8
0x1f35f600:   1f35f5f0 1bb7aa68 1f35f9ac 6fdb759e 

Instructions: (pc=0x6fa521f4)
0x6fa521d4:   48 af 6f 00 0f 84 bd 20 00 00 6a 00 ff 75 08 e8
0x6fa521e4:   8a 22 00 00 59 59 5d c3 8b ff 55 8b ec 8b 45 08
0x6fa521f4:   66 8b 08 83 c0 02 66 85 c9 75 f5 2b 45 08 d1 f8
0x6fa52204:   48 5d c3 8b ff 55 8b ec 51 53 56 8b 75 08 f6 46 


Register to memory mapping:

EAX=0x00000000 is an unknown value
EBX={method} {0x1a6d9374} 'getDisplayNameOf' '(JJI)Ljava/lang/String;' in 'sun/awt/shell/Win32ShellFolder2'
ECX=0xc31b0a22 is an unknown value
EDX=0x00782ed0 is an unknown value
ESP=0x1f35f590 is pointing into the stack for thread: 0x1544e400
EBP=0x1f35f590 is pointing into the stack for thread: 0x1544e400
ESI=0x1f35f5b0 is pointing into the stack for thread: 0x1544e400
EDI=0x1544e540 is an unknown value


Stack: [0x1f160000,0x1f360000],  sp=0x1f35f590,  free space=2045k
Native frames: (J=compiled Java code, j=interpreted, Vv=VM code, C=native code)
C  [MSVCR100.dll+0x121f4]
C  [awt.dll+0x59bf1]
j  sun.awt.shell.Win32ShellFolder2.getDisplayNameOf(JJI)Ljava/lang/String;+0
j  sun.awt.shell.Win32ShellFolder2.access$1600(JJI)Ljava/lang/String;+4
j  sun.awt.shell.Win32ShellFolder2$13.call()Ljava/lang/String;+15
j  sun.awt.shell.Win32ShellFolder2$13.call()Ljava/lang/Object;+1
j  java.util.concurrent.FutureTask.run()V+42
j  java.util.concurrent.ThreadPoolExecutor.runWorker(Ljava/util/concurrent/ThreadPoolExecutor$Worker;)V+95
j  java.util.concurrent.ThreadPoolExecutor$Worker.run()V+5
j  sun.awt.shell.Win32ShellFolderManager2$ComInvoker$3.run()V+7
j  java.lang.Thread.run()V+11
v  ~StubRoutines::call_stub
V  [jvm.dll+0x155c05]
V  [jvm.dll+0x21b0be]
V  [jvm.dll+0x155c9e]
V  [jvm.dll+0x155e26]
V  [jvm.dll+0x155e97]
V  [jvm.dll+0xfafaf]
V  [jvm.dll+0x178f3c]
V  [jvm.dll+0x17902a]
V  [jvm.dll+0x1bd616]
C  [MSVCR100.dll+0x5c556]
C  [MSVCR100.dll+0x5c600]
C  [KERNEL32.DLL+0x18744]
C  [ntdll.dll+0x6582d]
C  [ntdll.dll+0x657fd]
C  0x00000000

Java frames: (J=compiled Java code, j=interpreted, Vv=VM code)
j  sun.awt.shell.Win32ShellFolder2.getDisplayNameOf(JJI)Ljava/lang/String;+0
j  sun.awt.shell.Win32ShellFolder2.access$1600(JJI)Ljava/lang/String;+4
j  sun.awt.shell.Win32ShellFolder2$13.call()Ljava/lang/String;+15
j  sun.awt.shell.Win32ShellFolder2$13.call()Ljava/lang/Object;+1
j  java.util.concurrent.FutureTask.run()V+42
j  java.util.concurrent.ThreadPoolExecutor.runWorker(Ljava/util/concurrent/ThreadPoolExecutor$Worker;)V+95
j  java.util.concurrent.ThreadPoolExecutor$Worker.run()V+5
j  sun.awt.shell.Win32ShellFolderManager2$ComInvoker$3.run()V+7
j  java.lang.Thread.run()V+11
v  ~StubRoutines::call_stub

---------------  P R O C E S S  ---------------

Java Threads: ( => current thread )
=>0x1544e400 JavaThread "Swing-Shell" daemon [_thread_in_native, id=6780, stack(0x1f160000,0x1f360000)]
  0x15451c00 JavaThread "Image Fetcher 0" daemon [_thread_blocked, id=3540, stack(0x1ce00000,0x1d000000)]
  0x15450400 JavaThread "BlueJ compiler thread" [_thread_blocked, id=884, stack(0x1a460000,0x1a660000)]
  0x15451000 JavaThread "vm-event-handler" [_thread_blocked, id=9768, stack(0x1df60000,0x1e160000)]
  0x1544fc00 JavaThread "BlueJ I/O Handler" [_thread_blocked, id=13104, stack(0x1dd60000,0x1df60000)]
  0x1544f800 JavaThread "BlueJ I/O Handler" [_thread_in_native, id=10608, stack(0x1db60000,0x1dd60000)]
  0x15450800 JavaThread "BlueJ I/O Handler" [_thread_in_native, id=10628, stack(0x1c710000,0x1c910000)]
  0x15451400 JavaThread "JDI Target VM Interface" daemon [_thread_in_native, id=10480, stack(0x1c510000,0x1c710000)]
  0x1544f000 JavaThread "JDI Internal Event Handler" daemon [_thread_blocked, id=4200, stack(0x1c310000,0x1c510000)]
  0x1541ec00 JavaThread "D3D Screen Updater" daemon [_thread_blocked, id=8480, stack(0x19730000,0x19930000)]
  0x1541dc00 JavaThread "TimerQueue" daemon [_thread_blocked, id=8140, stack(0x1a020000,0x1a220000)]
  0x16813c00 JavaThread "AWT-EventQueue-0" [_thread_blocked, id=3680, stack(0x172b0000,0x174b0000)]
  0x1545b000 JavaThread "AWT-Windows" daemon [_thread_in_native, id=10332, stack(0x16e80000,0x17080000)]
  0x15458c00 JavaThread "AWT-Shutdown" [_thread_blocked, id=3168, stack(0x16c40000,0x16e40000)]
  0x15400000 JavaThread "Java2D Disposer" daemon [_thread_blocked, id=3032, stack(0x16600000,0x16800000)]
  0x152ad800 JavaThread "Service Thread" daemon [_thread_blocked, id=2620, stack(0x15e60000,0x16060000)]
  0x15299800 JavaThread "C1 CompilerThread0" daemon [_thread_blocked, id=7816, stack(0x15c60000,0x15e60000)]
  0x15298400 JavaThread "Attach Listener" daemon [_thread_blocked, id=12212, stack(0x15a60000,0x15c60000)]
  0x15296400 JavaThread "Signal Dispatcher" daemon [_thread_blocked, id=13256, stack(0x15860000,0x15a60000)]
  0x15265800 JavaThread "Finalizer" daemon [_thread_blocked, id=13144, stack(0x15660000,0x15860000)]
  0x00d6e800 JavaThread "Reference Handler" daemon [_thread_blocked, id=7064, stack(0x15460000,0x15660000)]
  0x0072bc00 JavaThread "main" [_thread_blocked, id=8244, stack(0x004a0000,0x006a0000)]

Other Threads:
  0x00d6c000 VMThread [stack: 0x15060000,0x15260000] [id=9740]
  0x15291c00 WatcherThread [stack: 0x16060000,0x16260000] [id=2244]

VM state:not at safepoint (normal execution)

VM Mutex/Monitor currently owned by a thread: None

Heap:
 def new generation   total 8128K, used 1467K [0x04c00000, 0x054d0000, 0x0a150000)
  eden space 7232K,  11% used [0x04c00000, 0x04cd0ef8, 0x05310000)
  from space 896K,  70% used [0x05310000, 0x053adf40, 0x053f0000)
  to   space 896K,   0% used [0x053f0000, 0x053f0000, 0x054d0000)
 tenured generation   total 17908K, used 13047K [0x0a150000, 0x0b2cd000, 0x14c00000)
   the space 17908K,  72% used [0x0a150000, 0x0ae0de90, 0x0ae0e000, 0x0b2cd000)
 Metaspace       used 18509K, capacity 18817K, committed 18944K, reserved 19840K

Card table byte_map: [0x025e0000,0x02670000] byte_map_base: 0x025ba000

Polling page: 0x00700000

CodeCache: size=32768Kb used=2436Kb max_used=2436Kb free=30331Kb
 bounds [0x02a20000, 0x02c88000, 0x04a20000]
 total_blobs=1619 nmethods=1345 adapters=204
 compilation: enabled

Compilation events (10 events):
Event: 21.721 Thread 0x15299800 1361             java.lang.String::compareTo (9 bytes)
Event: 21.721 Thread 0x15299800 nmethod 1361 0x02c7e5c8 code [0x02c7e6d0, 0x02c7e77c]
Event: 21.722 Thread 0x15299800 1362             java.util.ComparableTimSort::mergeLo (656 bytes)
Event: 21.723 Thread 0x15299800 nmethod 1362 0x02c7e808 code [0x02c7ea40, 0x02c7fd80]
Event: 21.734 Thread 0x15299800 1363             java.awt.event.ComponentEvent::<init> (7 bytes)
Event: 21.734 Thread 0x15299800 nmethod 1363 0x02c809c8 code [0x02c80ac0, 0x02c80b5c]
Event: 21.737 Thread 0x15299800 1364             java.lang.Enum::equals (11 bytes)
Event: 21.737 Thread 0x15299800 nmethod 1364 0x02c80bc8 code [0x02c80cc0, 0x02c80d50]
Event: 21.853 Thread 0x15299800 1365             java.util.concurrent.FutureTask::awaitDone (171 bytes)
Event: 21.854 Thread 0x15299800 nmethod 1365 0x02c80d88 code [0x02c80ef0, 0x02c81374]

GC Heap History (10 events):
Event: 6.074 GC heap before
{Heap before GC invocations=11 (full 1):
 def new generation   total 4992K, used 4923K [0x04c00000, 0x05160000, 0x0a150000)
  eden space 4480K,  99% used [0x04c00000, 0x05057850, 0x05060000)
  from space 512K,  93% used [0x050e0000, 0x051573d8, 0x05160000)
  to   space 512K,   0% used [0x05060000, 0x05060000, 0x050e0000)
 tenured generation   total 10944K, used 9332K [0x0a150000, 0x0ac00000, 0x14c00000)
   the space 10944K,  85% used [0x0a150000, 0x0aa6d070, 0x0aa6d200, 0x0ac00000)
 Metaspace       used 16766K, capacity 17077K, committed 17152K, reserved 17792K
Event: 6.077 GC heap after
Heap after GC invocations=12 (full 1):
 def new generation   total 4992K, used 511K [0x04c00000, 0x05160000, 0x0a150000)
  eden space 4480K,   0% used [0x04c00000, 0x04c00000, 0x05060000)
  from space 512K,  99% used [0x05060000, 0x050dffd8, 0x050e0000)
  to   space 512K,   0% used [0x050e0000, 0x050e0000, 0x05160000)
 tenured generation   total 10944K, used 9637K [0x0a150000, 0x0ac00000, 0x14c00000)
   the space 10944K,  88% used [0x0a150000, 0x0aab96a8, 0x0aab9800, 0x0ac00000)
 Metaspace       used 16766K, capacity 17077K, committed 17152K, reserved 17792K
}
Event: 6.137 GC heap before
{Heap before GC invocations=12 (full 1):
 def new generation   total 4992K, used 4801K [0x04c00000, 0x05160000, 0x0a150000)
  eden space 4480K,  95% used [0x04c00000, 0x05030820, 0x05060000)
  from space 512K,  99% used [0x05060000, 0x050dffd8, 0x050e0000)
  to   space 512K,   0% used [0x050e0000, 0x050e0000, 0x05160000)
 tenured generation   total 10944K, used 9637K [0x0a150000, 0x0ac00000, 0x14c00000)
   the space 10944K,  88% used [0x0a150000, 0x0aab96a8, 0x0aab9800, 0x0ac00000)
 Metaspace       used 17636K, capacity 17909K, committed 18048K, reserved 18816K
Event: 6.140 GC heap after
Heap after GC invocations=13 (full 1):
 def new generation   total 4992K, used 512K [0x04c00000, 0x05160000, 0x0a150000)
  eden space 4480K,   0% used [0x04c00000, 0x04c00000, 0x05060000)
  from space 512K, 100% used [0x050e0000, 0x05160000, 0x05160000)
  to   space 512K,   0% used [0x05060000, 0x05060000, 0x050e0000)
 tenured generation   total 10944K, used 10396K [0x0a150000, 0x0ac00000, 0x14c00000)
   the space 10944K,  94% used [0x0a150000, 0x0ab770a0, 0x0ab77200, 0x0ac00000)
 Metaspace       used 17636K, capacity 17909K, committed 18048K, reserved 18816K
}
Event: 6.151 GC heap before
{Heap before GC invocations=13 (full 1):
 def new generation   total 4992K, used 4992K [0x04c00000, 0x05160000, 0x0a150000)
  eden space 4480K, 100% used [0x04c00000, 0x05060000, 0x05060000)
  from space 512K, 100% used [0x050e0000, 0x05160000, 0x05160000)
  to   space 512K,   0% used [0x05060000, 0x05060000, 0x050e0000)
 tenured generation   total 10944K, used 10396K [0x0a150000, 0x0ac00000, 0x14c00000)
   the space 10944K,  94% used [0x0a150000, 0x0ab770a0, 0x0ab77200, 0x0ac00000)
 Metaspace       used 17638K, capacity 17909K, committed 18048K, reserved 18816K
Event: 6.176 GC heap after
Heap after GC invocations=14 (full 2):
 def new generation   total 8128K, used 0K [0x04c00000, 0x054d0000, 0x0a150000)
  eden space 7232K,   0% used [0x04c00000, 0x04c00000, 0x05310000)
  from space 896K,   0% used [0x05310000, 0x05310000, 0x053f0000)
  to   space 896K,   0% used [0x053f0000, 0x053f0000, 0x054d0000)
 tenured generation   total 17908K, used 10743K [0x0a150000, 0x0b2cd000, 0x14c00000)
   the space 17908K,  59% used [0x0a150000, 0x0abcdc68, 0x0abcde00, 0x0b2cd000)
 Metaspace       used 17638K, capacity 17909K, committed 18048K, reserved 18816K
}
Event: 7.215 GC heap before
{Heap before GC invocations=14 (full 2):
 def new generation   total 8128K, used 7232K [0x04c00000, 0x054d0000, 0x0a150000)
  eden space 7232K, 100% used [0x04c00000, 0x05310000, 0x05310000)
  from space 896K,   0% used [0x05310000, 0x05310000, 0x053f0000)
  to   space 896K,   0% used [0x053f0000, 0x053f0000, 0x054d0000)
 tenured generation   total 17908K, used 10743K [0x0a150000, 0x0b2cd000, 0x14c00000)
   the space 17908K,  59% used [0x0a150000, 0x0abcdc68, 0x0abcde00, 0x0b2cd000)
 Metaspace       used 18046K, capacity 18357K, committed 18432K, reserved 18816K
Event: 7.222 GC heap after
Heap after GC invocations=15 (full 2):
 def new generation   total 8128K, used 896K [0x04c00000, 0x054d0000, 0x0a150000)
  eden space 7232K,   0% used [0x04c00000, 0x04c00000, 0x05310000)
  from space 896K, 100% used [0x053f0000, 0x054d0000, 0x054d0000)
  to   space 896K,   0% used [0x05310000, 0x05310000, 0x053f0000)
 tenured generation   total 17908K, used 12189K [0x0a150000, 0x0b2cd000, 0x14c00000)
   the space 17908K,  68% used [0x0a150000, 0x0ad37460, 0x0ad37600, 0x0b2cd000)
 Metaspace       used 18046K, capacity 18357K, committed 18432K, reserved 18816K
}
Event: 21.661 GC heap before
{Heap before GC invocations=15 (full 2):
 def new generation   total 8128K, used 8126K [0x04c00000, 0x054d0000, 0x0a150000)
  eden space 7232K,  99% used [0x04c00000, 0x0530fba0, 0x05310000)
  from space 896K, 100% used [0x053f0000, 0x054d0000, 0x054d0000)
  to   space 896K,   0% used [0x05310000, 0x05310000, 0x053f0000)
 tenured generation   total 17908K, used 12189K [0x0a150000, 0x0b2cd000, 0x14c00000)
   the space 17908K,  68% used [0x0a150000, 0x0ad37460, 0x0ad37600, 0x0b2cd000)
 Metaspace       used 18259K, capacity 18583K, committed 18688K, reserved 18816K
Event: 21.664 GC heap after
Heap after GC invocations=16 (full 2):
 def new generation   total 8128K, used 631K [0x04c00000, 0x054d0000, 0x0a150000)
  eden space 7232K,   0% used [0x04c00000, 0x04c00000, 0x05310000)
  from space 896K,  70% used [0x05310000, 0x053adf40, 0x053f0000)
  to   space 896K,   0% used [0x053f0000, 0x053f0000, 0x054d0000)
 tenured generation   total 17908K, used 13047K [0x0a150000, 0x0b2cd000, 0x14c00000)
   the space 17908K,  72% used [0x0a150000, 0x0ae0de90, 0x0ae0e000, 0x0b2cd000)
 Metaspace       used 18259K, capacity 18583K, committed 18688K, reserved 18816K
}

Deoptimization events (0 events):
No events

Internal exceptions (10 events):
Event: 1.478 Thread 0x15451c00 Exception <a 'java/lang/InterruptedException': sleep interrupted> (0x04e9a138) thrown at [C:\re\workspace\8-2-build-windows-i586-cygwin\jdk8u40\3098\hotspot\src\share\vm\prims\jvm.cpp, line 3163]
Event: 3.435 Thread 0x16813c00 Exception <a 'java/lang/ArrayIndexOutOfBoundsException': 22> (0x04f9e488) thrown at [C:\re\workspace\8-2-build-windows-i586-cygwin\jdk8u40\3098\hotspot\src\share\vm\interpreter\interpreterRuntime.cpp, line 366]
Event: 3.435 Thread 0x16813c00 Exception <a 'java/lang/ArrayIndexOutOfBoundsException': 18> (0x04f9f208) thrown at [C:\re\workspace\8-2-build-windows-i586-cygwin\jdk8u40\3098\hotspot\src\share\vm\interpreter\interpreterRuntime.cpp, line 366]
Event: 3.435 Thread 0x16813c00 Exception <a 'java/lang/ArrayIndexOutOfBoundsException': 160> (0x04fa0b00) thrown at [C:\re\workspace\8-2-build-windows-i586-cygwin\jdk8u40\3098\hotspot\src\share\vm\interpreter\interpreterRuntime.cpp, line 366]
Event: 5.958 Thread 0x15451c00 Exception <a 'java/lang/InterruptedException': sleep interrupted> (0x04d993c8) thrown at [C:\re\workspace\8-2-build-windows-i586-cygwin\jdk8u40\3098\hotspot\src\share\vm\prims\jvm.cpp, line 3211]
Event: 5.959 Thread 0x15451c00 Exception <a 'java/lang/InterruptedException': sleep interrupted> (0x04d9bba8) thrown at [C:\re\workspace\8-2-build-windows-i586-cygwin\jdk8u40\3098\hotspot\src\share\vm\prims\jvm.cpp, line 3163]
Event: 5.970 Thread 0x15450400 Exception <a 'java/lang/ClassNotFoundException': com/sun/tools/javac/api/JavacTool> (0x04dc9518) thrown at [C:\re\workspace\8-2-build-windows-i586-cygwin\jdk8u40\3098\hotspot\src\share\vm\classfile\systemDictionary.cpp, line 210]
Event: 6.149 Thread 0x15450400 Exception <a 'java/io/FileNotFoundException'> (0x04fd33f0) thrown at [C:\re\workspace\8-2-build-windows-i586-cygwin\jdk8u40\3098\hotspot\src\share\vm\prims\jni.cpp, line 709]
Event: 6.150 Thread 0x15450400 Exception <a 'java/io/FileNotFoundException'> (0x05025e38) thrown at [C:\re\workspace\8-2-build-windows-i586-cygwin\jdk8u40\3098\hotspot\src\share\vm\prims\jni.cpp, line 709]
Event: 7.257 Thread 0x1544e400 Exception <a 'java/lang/InterruptedException': sleep interrupted> (0x04c73bd8) thrown at [C:\re\workspace\8-2-build-windows-i586-cygwin\jdk8u40\3098\hotspot\src\share\vm\prims\jvm.cpp, line 3163]

Events (10 events):
Event: 21.742 loading class sun/awt/shell/Win32ShellFolder2$9
Event: 21.742 loading class sun/awt/shell/Win32ShellFolder2$9 done
Event: 21.742 loading class sun/awt/shell/Win32ShellFolder2$5
Event: 21.742 loading class sun/awt/shell/Win32ShellFolder2$5 done
Event: 21.836 loading class sun/awt/shell/Win32ShellFolder2$18
Event: 21.836 loading class sun/awt/shell/Win32ShellFolder2$18 done
Event: 21.836 loading class sun/awt/shell/Win32ShellFolder2$ColumnComparator$1
Event: 21.836 loading class sun/awt/shell/Win32ShellFolder2$ColumnComparator$1 done
Event: 21.837 loading class sun/awt/shell/Win32ShellFolder2$11
Event: 21.837 loading class sun/awt/shell/Win32ShellFolder2$11 done


Dynamic libraries:
0x00400000 - 0x00497000 	C:\Program Files (x86)\BlueJ\BlueJ.exe
0x77df0000 - 0x77f7e000 	C:\Windows\SYSTEM32\ntdll.dll
0x74ea0000 - 0x74f70000 	C:\Windows\System32\KERNEL32.DLL
0x74b00000 - 0x74cc2000 	C:\Windows\System32\KERNELBASE.dll
0x762f0000 - 0x76367000 	C:\Windows\System32\ADVAPI32.DLL
0x74de0000 - 0x74e9d000 	C:\Windows\System32\msvcrt.dll
0x76c20000 - 0x76c61000 	C:\Windows\System32\sechost.dll
0x77430000 - 0x774f0000 	C:\Windows\System32\RPCRT4.dll
0x748c0000 - 0x748e0000 	C:\Windows\System32\SspiCli.dll
0x748b0000 - 0x748ba000 	C:\Windows\System32\CRYPTBASE.dll
0x77500000 - 0x77557000 	C:\Windows\System32\bcryptPrimitives.dll
0x74ce0000 - 0x74dcf000 	C:\Windows\System32\COMDLG32.DLL
0x76370000 - 0x765a8000 	C:\Windows\System32\combase.dll
0x77780000 - 0x77898000 	C:\Windows\System32\ucrtbase.dll
0x77a00000 - 0x77a8c000 	C:\Windows\System32\shcore.dll
0x76c70000 - 0x76dac000 	C:\Windows\System32\USER32.dll
0x762d0000 - 0x762e6000 	C:\Windows\System32\win32u.dll
0x76dc0000 - 0x76de1000 	C:\Windows\System32\GDI32.dll
0x775d0000 - 0x77728000 	C:\Windows\System32\gdi32full.dll
0x76ba0000 - 0x76c19000 	C:\Windows\System32\msvcp_win.dll
0x779b0000 - 0x779f5000 	C:\Windows\System32\SHLWAPI.dll
0x74f70000 - 0x762b8000 	C:\Windows\System32\SHELL32.dll
0x748e0000 - 0x74919000 	C:\Windows\System32\cfgmgr32.dll
0x765b0000 - 0x76b34000 	C:\Windows\System32\windows.storage.dll
0x74dd0000 - 0x74dde000 	C:\Windows\System32\kernel.appcore.dll
0x77960000 - 0x779a5000 	C:\Windows\System32\powrprof.dll
0x77380000 - 0x77390000 	C:\Windows\System32\profapi.dll
0x73310000 - 0x7339e000 	C:\Windows\WinSxS\x86_microsoft.windows.common-controls_6595b64144ccf1df_5.82.15063.413_none_55bc94a37c2a2854\COMCTL32.dll
0x74450000 - 0x74458000 	C:\Windows\SYSTEM32\VERSION.dll
0x778a0000 - 0x778c5000 	C:\Windows\System32\IMM32.DLL
0x6fb00000 - 0x6fec0000 	C:\Program Files (x86)\BlueJ\jdk\jre\bin\client\jvm.dll
0x774f0000 - 0x774f6000 	C:\Windows\System32\PSAPI.DLL
0x74870000 - 0x74878000 	C:\Windows\SYSTEM32\WSOCK32.dll
0x77560000 - 0x775c7000 	C:\Windows\System32\WS2_32.dll
0x74190000 - 0x741b4000 	C:\Windows\SYSTEM32\WINMM.dll
0x6fa40000 - 0x6faff000 	C:\Program Files (x86)\BlueJ\jdk\jre\bin\MSVCR100.dll
0x73ec0000 - 0x73ee3000 	C:\Windows\SYSTEM32\WINMMBASE.dll
0x71da0000 - 0x71dac000 	C:\Program Files (x86)\BlueJ\jdk\jre\bin\verify.dll
0x70390000 - 0x703b1000 	C:\Program Files (x86)\BlueJ\jdk\jre\bin\java.dll
0x6fa20000 - 0x6fa33000 	C:\Program Files (x86)\BlueJ\jdk\jre\bin\zip.dll
0x6e6f0000 - 0x6e835000 	C:\Program Files (x86)\BlueJ\jdk\jre\bin\awt.dll
0x77390000 - 0x77426000 	C:\Windows\System32\OLEAUT32.dll
0x743b0000 - 0x74443000 	C:\Windows\SYSTEM32\apphelp.dll
0x73260000 - 0x73273000 	C:\Windows\SYSTEM32\CRYPTSP.dll
0x731b0000 - 0x731df000 	C:\Windows\system32\rsaenh.dll
0x74300000 - 0x74318000 	C:\Windows\SYSTEM32\bcrypt.dll
0x71b10000 - 0x71b32000 	C:\Windows\SYSTEM32\USERENV.dll
0x6fa00000 - 0x6fa15000 	C:\Program Files (x86)\BlueJ\jdk\jre\bin\net.dll
0x73e50000 - 0x73e9e000 	C:\Windows\system32\mswsock.dll
0x74360000 - 0x7438f000 	C:\Windows\SYSTEM32\IPHLPAPI.DLL
0x74cd0000 - 0x74cd7000 	C:\Windows\System32\NSI.dll
0x73600000 - 0x73613000 	C:\Windows\SYSTEM32\dhcpcsvc6.DLL
0x73740000 - 0x73754000 	C:\Windows\SYSTEM32\dhcpcsvc.DLL
0x70380000 - 0x7038f000 	C:\Program Files (x86)\BlueJ\jdk\jre\bin\nio.dll
0x6f9d0000 - 0x6f9f5000 	C:\Program Files (x86)\BlueJ\jdk\jre\bin\jpeg.dll
0x6f990000 - 0x6f9c1000 	C:\Program Files (x86)\BlueJ\jdk\jre\bin\lcms.dll
0x731e0000 - 0x73258000 	C:\Windows\system32\uxtheme.dll
0x77ba0000 - 0x77ce6000 	C:\Windows\System32\MSCTF.dll
0x70d20000 - 0x70d43000 	C:\Windows\system32\dwmapi.dll
0x77cf0000 - 0x77de3000 	C:\Windows\System32\ole32.dll
0x72c40000 - 0x72da2000 	C:\Windows\system32\d3d9.dll
0x6e5c0000 - 0x6e6e8000 	C:\Windows\SYSTEM32\aticfx32.dll
0x6f970000 - 0x6f98c000 	C:\Windows\SYSTEM32\atiu9pag.dll
0x67140000 - 0x6784c000 	C:\Windows\SYSTEM32\atiumdag.dll
0x669a0000 - 0x67139000 	C:\Windows\SYSTEM32\atiumdva.dll
0x6e580000 - 0x6e5b9000 	C:\Program Files (x86)\BlueJ\jdk\jre\bin\fontmanager.dll
0x6e510000 - 0x6e577000 	C:\Windows\System32\TextInputFramework.dll
0x6e250000 - 0x6e2df000 	C:\Windows\System32\CoreMessaging.dll
0x6e2e0000 - 0x6e507000 	C:\Windows\System32\CoreUIComponents.dll
0x70830000 - 0x70901000 	C:\Windows\SYSTEM32\wintypes.dll
0x71a30000 - 0x71a58000 	C:\Windows\SYSTEM32\ntmarta.dll
0x6f960000 - 0x6f970000 	C:\Windows\SYSTEM32\usermgrcli.dll
0x6e220000 - 0x6e250000 	C:\Program Files (x86)\BlueJ\jdk\jre\bin\t2k.dll
0x77af0000 - 0x77b73000 	C:\Windows\System32\clbcatq.dll
0x73ef0000 - 0x740fe000 	C:\Windows\WinSxS\x86_microsoft.windows.common-controls_6595b64144ccf1df_6.0.15063.483_none_6dad63fefc436da8\comctl32.dll
0x722a0000 - 0x72412000 	C:\Windows\SYSTEM32\WindowsCodecs.dll
0x71f10000 - 0x71f53000 	C:\Windows\system32\dataexchange.dll
0x72e40000 - 0x73092000 	C:\Windows\system32\d3d11.dll
0x71e20000 - 0x71f0b000 	C:\Windows\system32\dcomp.dll
0x72db0000 - 0x72e3a000 	C:\Windows\system32\dxgi.dll
0x70be0000 - 0x70d16000 	C:\Windows\system32\twinapi.appcore.dll
0x73580000 - 0x735ff000 	C:\Windows\SYSTEM32\DNSAPI.dll
0x71ab0000 - 0x71ab8000 	C:\Windows\System32\rasadhlp.dll
0x71a60000 - 0x71aaa000 	C:\Windows\System32\fwpuclnt.dll
0x6dad0000 - 0x6daf0000 	C:\Program Files (x86)\BlueJ\jdk\jre\bin\sunec.dll
0x6f950000 - 0x6f959000 	C:\Program Files (x86)\BlueJ\jdk\jre\bin\dt_shmem.dll
0x6dab0000 - 0x6dac1000 	C:\Windows\system32\napinsp.dll
0x6da90000 - 0x6daa6000 	C:\Windows\system32\pnrpnsp.dll
0x6da70000 - 0x6da83000 	C:\Windows\system32\NLAapi.dll
0x6da60000 - 0x6da6b000 	C:\Windows\System32\winrnr.dll
0x6da50000 - 0x6da60000 	C:\Windows\System32\wshbth.dll
0x6da00000 - 0x6da0a000 	C:\Program Files (x86)\BlueJ\jdk\jre\bin\management.dll
0x71bb0000 - 0x71d14000 	C:\Windows\system32\propsys.dll
0x73920000 - 0x73a44000 	C:\Windows\system32\NetworkExplorer.dll
0x65b30000 - 0x65da8000 	C:\Windows\System32\OneCoreUAPCommonProxyStub.dll
0x664c0000 - 0x66507000 	C:\Windows\System32\thumbcache.dll
0x66450000 - 0x664b4000 	C:\Windows\SYSTEM32\policymanager.dll
0x663e0000 - 0x66446000 	C:\Windows\SYSTEM32\msvcp110_win.dll
0x732c0000 - 0x732d6000 	C:\Windows\SYSTEM32\MPR.dll
0x73c20000 - 0x73c29000 	C:\Windows\System32\drprov.dll
0x71d30000 - 0x71d72000 	C:\Windows\System32\WINSTA.dll
0x73c00000 - 0x73c12000 	C:\Windows\System32\ntlanman.dll
0x73be0000 - 0x73bfa000 	C:\Windows\System32\davclnt.dll
0x73bd0000 - 0x73bda000 	C:\Windows\System32\DAVHLPR.dll
0x74350000 - 0x74360000 	C:\Windows\System32\wkscli.dll
0x73bc0000 - 0x73bcf000 	C:\Windows\SYSTEM32\cscapi.dll
0x74340000 - 0x7434b000 	C:\Windows\System32\netutils.dll
0x663a0000 - 0x663e0000 	C:\Windows\System32\dlnashext.dll
0x66340000 - 0x66396000 	C:\Windows\System32\PlayToDevice.dll
0x66320000 - 0x6633a000 	C:\Windows\System32\DevDispItemProvider.dll
0x70b80000 - 0x70bd9000 	C:\Windows\System32\MMDevApi.dll
0x716b0000 - 0x716d2000 	C:\Windows\System32\DEVOBJ.dll
0x66140000 - 0x66312000 	C:\Windows\system32\wpdshext.dll
0x72ac0000 - 0x72c26000 	C:\Windows\WinSxS\x86_microsoft.windows.gdiplus_6595b64144ccf1df_1.1.15063.608_none_9e9d5d4256d15def\gdiplus.dll
0x660b0000 - 0x66133000 	C:\Windows\System32\PortableDeviceApi.dll
0x76df0000 - 0x7720a000 	C:\Windows\System32\SETUPAPI.dll
0x77730000 - 0x77774000 	C:\Windows\System32\WINTRUST.dll
0x76db0000 - 0x76dbe000 	C:\Windows\System32\MSASN1.dll
0x74980000 - 0x74afd000 	C:\Windows\System32\CRYPT32.dll
0x66080000 - 0x660a8000 	C:\Windows\System32\PortableDeviceTypes.dll
0x66030000 - 0x66071000 	C:\Windows\system32\audiodev.dll
0x65710000 - 0x65927000 	C:\Windows\system32\WMVCore.DLL
0x65ff0000 - 0x6602f000 	C:\Windows\system32\WMASF.DLL
0x65ee0000 - 0x65fe7000 	C:\Windows\system32\mfperfhelper.dll
0x655a0000 - 0x65705000 	C:\Windows\SYSTEM32\MFPlat.DLL
0x65eb0000 - 0x65eda000 	C:\Windows\SYSTEM32\RTWorkQ.DLL
0x65ea0000 - 0x65ead000 	C:\Windows\SYSTEM32\LINKINFO.dll
0x730a0000 - 0x730aa000 	C:\Windows\SYSTEM32\Secur32.dll

VM Arguments:
java_command: <unknown>
java_class_path (initial): C:\Program Files (x86)\BlueJ\lib\bluej.jar;C:\Program Files (x86)\BlueJ\jdk\lib\tools.jar
Launcher Type: generic

Environment Variables:
PATH=C:\ProgramData\Oracle\Java\javapath;C:\Program Files (x86)\Intel\iCLS Client\;C:\Program Files\Intel\iCLS Client\;C:\Windows\system32;C:\Windows;C:\Windows\System32\Wbem;C:\Windows\System32\WindowsPowerShell\v1.0\;C:\Program Files (x86)\ATI Technologies\ATI.ACE\Core-Static;C:\Program Files (x86)\Intel\Intel(R) Management Engine Components\DAL;C:\Program Files\Intel\Intel(R) Management Engine Components\DAL;C:\Program Files (x86)\Intel\Intel(R) Management Engine Components\IPT;C:\Program Files\Intel\Intel(R) Management Engine Components\IPT;C:\Program Files (x86)\Bitvise SSH Client;C:\Program Files (x86)\Atmel\Flip 3.4.7\bin;C:\Program Files (x86)\Microsoft Emulator Manager\1.0\;C:\Program Files\Git\cmd;.;C:\Users\alder\AppData\Local\Microsoft\WindowsApps;C:\Users\alder\AppData\Local\GitHubDesktop\bin;C:\Users\alder\PSTools;C:\Program Files (x86)\EaseUS\Todo Backup\bin\x64\
USERNAME=alder
OS=Windows_NT
PROCESSOR_IDENTIFIER=Intel64 Family 6 Model 158 Stepping 9, GenuineIntel



---------------  S Y S T E M  ---------------

OS: Windows 10.0 , 64 bit Build 15063 (10.0.15063.296)

CPU:total 4 (2 cores per cpu, 2 threads per core) family 6 model 158 stepping 9, cmov, cx8, fxsr, mmx, sse, sse2, sse3, ssse3, sse4.1, sse4.2, popcnt, aes, clmul, erms, 3dnowpref, lzcnt, ht, tsc, tscinvbit

Memory: 4k page, physical 16717068k(12392140k free), swap 16717068k(12444676k free)

vm_info: Java HotSpot(TM) Client VM (25.40-b25) for windows-x86 JRE (1.8.0_40-b26), built on Mar  7 2015 13:51:08 by "java_re" with MS VC++ 10.0 (VS2010)

time: Tue Oct 10 23:25:45 2017
elapsed time: 21 seconds (0d 0h 0m 21s)

